<?xml version="1.0" encoding="UTF-8"?>
<!-- Generated by org.testng.reporters.JUnitXMLReporter -->
<testsuite ignored="0" hostname="Poornimas-MacBook-Air.local" failures="0" tests="3" name="Default test" time="54.713" errors="0" timestamp="2026-06-17T20:48:24 IST">
  <testcase classname="Poornimaacademy.tests.OrderSubmissionTest" name="OrderSubmitTest" time="10.922"/>
  <testcase classname="Poornimaacademy.tests.OrderSubmissionTest" name="OrderSubmitTest" time="10.201"/>
  <testcase classname="Poornimaacademy.tests.OrderSubmissionTest" name="OrderHistoryTest" time="4.512"/>
</testsuite> <!-- Default test -->
