<?xml version="1.0" encoding="UTF-8"?>
<!-- Generated by org.testng.reporters.JUnitXMLReporter -->
<testsuite ignored="0" hostname="Poornimas-MacBook-Air.local" failures="1" tests="3" name="errorvalidationtest" time="66.792" errors="0" timestamp="2026-06-18T21:18:18 IST">
  <testcase classname="Poornimaacademy.tests.ErrorValidationTest" name="loginerrorvalidation" time="3.25">
    <skipped/>
  </testcase> <!-- loginerrorvalidation -->
  <testcase classname="Poornimaacademy.tests.ErrorValidationTest" name="loginerrorvalidation" time="1.699">
    <failure type="java.lang.AssertionError" message="expected:&amp;lt;Incorrect email  password.&amp;gt; but was:&amp;lt;Incorrect email or password.&amp;gt;">
      <![CDATA[java.lang.AssertionError: expected:<Incorrect email  password.> but was:<Incorrect email or password.>
at Poornimaacademy.tests.ErrorValidationTest.loginerrorvalidation(ErrorValidationTest.java:30)
at java.base/java.util.ArrayList.forEach(ArrayList.java:1511)
at java.base/java.util.concurrent.FutureTask.run(FutureTask.java:264)
at java.base/java.util.concurrent.ThreadPoolExecutor.runWorker(ThreadPoolExecutor.java:1136)
at java.base/java.util.concurrent.ThreadPoolExecutor$Worker.run(ThreadPoolExecutor.java:635)
at java.base/java.lang.Thread.run(Thread.java:840)
... Removed 19 stack frames]]>
    </failure>
  </testcase> <!-- loginerrorvalidation -->
  <testcase classname="Poornimaacademy.tests.ErrorValidationTest" name="productordervalidation" time="28.671"/>
</testsuite> <!-- errorvalidationtest -->
