<?xml version="1.0" encoding="UTF-8"?>
<!-- Generated by org.testng.reporters.JUnitXMLReporter -->
<testsuite ignored="0" hostname="Poornimas-MacBook-Air.local" failures="0" tests="3" name="ordersubmisstest" time="91.731" errors="0" timestamp="2026-06-18T21:18:43 IST">
  <testcase classname="Poornimaacademy.tests.OrderSubmissionTest" name="OrderSubmitTest" time="24.802"/>
  <testcase classname="Poornimaacademy.tests.OrderSubmissionTest" name="OrderSubmitTest" time="20.58"/>
  <testcase classname="Poornimaacademy.tests.OrderSubmissionTest" name="OrderHistoryTest" time="4.543"/>
</testsuite> <!-- ordersubmisstest -->
