<?xml version="1.0" encoding="UTF-8"?>
<!-- Generated by org.testng.reporters.JUnitXMLReporter -->
<testsuite ignored="2" hostname="Poornimas-MacBook-Air.local" failures="0" tests="0" time="0.002" errors="0" timestamp="2026-06-19T15:05:26 IST">
  <testcase classname="Poornimaacademy.tests.ErrorValidationTest" name="loginerrorvalidation" time="0.0">
    <ignored/>
  </testcase> <!-- loginerrorvalidation -->
  <testcase classname="Poornimaacademy.tests.ErrorValidationTest" name="productordervalidation" time="0.0">
    <ignored/>
  </testcase> <!-- productordervalidation -->
</testsuite>
