<?xml version="1.0" encoding="UTF-8"?>
<testng-results retried="1" ignored="0" total="6" passed="4" failed="1" skipped="0">
  <reporter-output>
  </reporter-output>
  <suite started-at="2026-06-18T21:17:11 IST" name="Suite" finished-at="2026-06-18T21:18:43 IST" duration-ms="91731">
    <groups>
      <group name="ErrorHandling">
        <method signature="ErrorValidationTest.loginerrorvalidation()[pri:0, instance:Poornimaacademy.tests.ErrorValidationTest@639c2c1d]" name="loginerrorvalidation" class="Poornimaacademy.tests.ErrorValidationTest"/>
      </group> <!-- ErrorHandling -->
      <group name="purchase">
        <method signature="OrderSubmissionTest.OrderSubmitTest(java.util.HashMap)[pri:0, instance:Poornimaacademy.tests.OrderSubmissionTest@a514af7]" name="OrderSubmitTest" class="Poornimaacademy.tests.OrderSubmissionTest"/>
      </group> <!-- purchase -->
    </groups>
    <test started-at="2026-06-18T21:17:11 IST" name="errorvalidationtest" finished-at="2026-06-18T21:18:18 IST" duration-ms="66792">
      <class name="Poornimaacademy.tests.ErrorValidationTest">
        <test-method is-config="true" signature="LaunchApplication()[pri:0, instance:Poornimaacademy.tests.ErrorValidationTest@639c2c1d]" started-at="2026-06-18T21:17:11 IST" name="LaunchApplication" finished-at="2026-06-18T21:17:24 IST" duration-ms="13525" status="PASS">
          <reporter-output>
          </reporter-output>
        </test-method> <!-- LaunchApplication -->
        <test-method retried="true" signature="loginerrorvalidation()[pri:0, instance:Poornimaacademy.tests.ErrorValidationTest@639c2c1d]" started-at="2026-06-18T21:17:24 IST" name="loginerrorvalidation" finished-at="2026-06-18T21:17:28 IST" duration-ms="3250" status="SKIP">
          <exception class="java.lang.AssertionError">
            <message>
              <![CDATA[expected:<Incorrect email  password.> but was:<Incorrect email or password.>]]>
            </message>
            <full-stacktrace>
              <![CDATA[java.lang.AssertionError: expected:<Incorrect email  password.> but was:<Incorrect email or password.>
at org.testng.AssertJUnit.assertEquals(AssertJUnit.java:115)
at org.testng.AssertJUnit.assertEquals(AssertJUnit.java:125)
at Poornimaacademy.tests.ErrorValidationTest.loginerrorvalidation(ErrorValidationTest.java:30)
at java.base/jdk.internal.reflect.NativeMethodAccessorImpl.invoke0(Native Method)
at java.base/jdk.internal.reflect.NativeMethodAccessorImpl.invoke(NativeMethodAccessorImpl.java:77)
at java.base/jdk.internal.reflect.DelegatingMethodAccessorImpl.invoke(DelegatingMethodAccessorImpl.java:43)
at java.base/java.lang.reflect.Method.invoke(Method.java:569)
at org.testng.internal.invokers.MethodInvocationHelper.invokeMethod(MethodInvocationHelper.java:141)
at org.testng.internal.invokers.TestInvoker.invokeMethod(TestInvoker.java:687)
at org.testng.internal.invokers.TestInvoker.invokeTestMethod(TestInvoker.java:230)
at org.testng.internal.invokers.MethodRunner.runInSequence(MethodRunner.java:63)
at org.testng.internal.invokers.TestInvoker$MethodInvocationAgent.invoke(TestInvoker.java:995)
at org.testng.internal.invokers.TestInvoker.invokeTestMethods(TestInvoker.java:203)
at org.testng.internal.invokers.TestMethodWorker.invokeTestMethods(TestMethodWorker.java:154)
at org.testng.internal.invokers.TestMethodWorker.run(TestMethodWorker.java:134)
at java.base/java.util.ArrayList.forEach(ArrayList.java:1511)
at org.testng.TestRunner.privateRun(TestRunner.java:741)
at org.testng.TestRunner.run(TestRunner.java:616)
at org.testng.SuiteRunner.runTest(SuiteRunner.java:421)
at org.testng.SuiteRunner$SuiteWorker.run(SuiteRunner.java:463)
at org.testng.internal.thread.ThreadUtil.lambda$execute$0(ThreadUtil.java:64)
at java.base/java.util.concurrent.FutureTask.run(FutureTask.java:264)
at java.base/java.util.concurrent.ThreadPoolExecutor.runWorker(ThreadPoolExecutor.java:1136)
at java.base/java.util.concurrent.ThreadPoolExecutor$Worker.run(ThreadPoolExecutor.java:635)
at java.base/java.lang.Thread.run(Thread.java:840)
]]>
            </full-stacktrace>
          </exception> <!-- java.lang.AssertionError -->
          <reporter-output>
          </reporter-output>
        </test-method> <!-- loginerrorvalidation -->
        <test-method is-config="true" signature="teardown()[pri:0, instance:Poornimaacademy.tests.ErrorValidationTest@639c2c1d]" started-at="2026-06-18T21:17:28 IST" name="teardown" finished-at="2026-06-18T21:17:28 IST" duration-ms="110" status="PASS">
          <reporter-output>
          </reporter-output>
        </test-method> <!-- teardown -->
        <test-method is-config="true" signature="LaunchApplication()[pri:0, instance:Poornimaacademy.tests.ErrorValidationTest@639c2c1d]" started-at="2026-06-18T21:17:28 IST" name="LaunchApplication" finished-at="2026-06-18T21:17:37 IST" duration-ms="8996" status="PASS">
          <reporter-output>
          </reporter-output>
        </test-method> <!-- LaunchApplication -->
        <test-method signature="loginerrorvalidation()[pri:0, instance:Poornimaacademy.tests.ErrorValidationTest@639c2c1d]" started-at="2026-06-18T21:17:37 IST" name="loginerrorvalidation" finished-at="2026-06-18T21:17:39 IST" duration-ms="1699" status="FAIL">
          <exception class="java.lang.AssertionError">
            <message>
              <![CDATA[expected:<Incorrect email  password.> but was:<Incorrect email or password.>]]>
            </message>
            <full-stacktrace>
              <![CDATA[java.lang.AssertionError: expected:<Incorrect email  password.> but was:<Incorrect email or password.>
at org.testng.AssertJUnit.assertEquals(AssertJUnit.java:115)
at org.testng.AssertJUnit.assertEquals(AssertJUnit.java:125)
at Poornimaacademy.tests.ErrorValidationTest.loginerrorvalidation(ErrorValidationTest.java:30)
at java.base/jdk.internal.reflect.NativeMethodAccessorImpl.invoke0(Native Method)
at java.base/jdk.internal.reflect.NativeMethodAccessorImpl.invoke(NativeMethodAccessorImpl.java:77)
at java.base/jdk.internal.reflect.DelegatingMethodAccessorImpl.invoke(DelegatingMethodAccessorImpl.java:43)
at java.base/java.lang.reflect.Method.invoke(Method.java:569)
at org.testng.internal.invokers.MethodInvocationHelper.invokeMethod(MethodInvocationHelper.java:141)
at org.testng.internal.invokers.TestInvoker.invokeMethod(TestInvoker.java:687)
at org.testng.internal.invokers.TestInvoker.retryFailed(TestInvoker.java:269)
at org.testng.internal.invokers.MethodRunner.runInSequence(MethodRunner.java:76)
at org.testng.internal.invokers.TestInvoker$MethodInvocationAgent.invoke(TestInvoker.java:995)
at org.testng.internal.invokers.TestInvoker.invokeTestMethods(TestInvoker.java:203)
at org.testng.internal.invokers.TestMethodWorker.invokeTestMethods(TestMethodWorker.java:154)
at org.testng.internal.invokers.TestMethodWorker.run(TestMethodWorker.java:134)
at java.base/java.util.ArrayList.forEach(ArrayList.java:1511)
at org.testng.TestRunner.privateRun(TestRunner.java:741)
at org.testng.TestRunner.run(TestRunner.java:616)
at org.testng.SuiteRunner.runTest(SuiteRunner.java:421)
at org.testng.SuiteRunner$SuiteWorker.run(SuiteRunner.java:463)
at org.testng.internal.thread.ThreadUtil.lambda$execute$0(ThreadUtil.java:64)
at java.base/java.util.concurrent.FutureTask.run(FutureTask.java:264)
at java.base/java.util.concurrent.ThreadPoolExecutor.runWorker(ThreadPoolExecutor.java:1136)
at java.base/java.util.concurrent.ThreadPoolExecutor$Worker.run(ThreadPoolExecutor.java:635)
at java.base/java.lang.Thread.run(Thread.java:840)
]]>
            </full-stacktrace>
          </exception> <!-- java.lang.AssertionError -->
          <reporter-output>
          </reporter-output>
        </test-method> <!-- loginerrorvalidation -->
        <test-method is-config="true" signature="teardown()[pri:0, instance:Poornimaacademy.tests.ErrorValidationTest@639c2c1d]" started-at="2026-06-18T21:17:39 IST" name="teardown" finished-at="2026-06-18T21:17:39 IST" duration-ms="91" status="PASS">
          <reporter-output>
          </reporter-output>
        </test-method> <!-- teardown -->
        <test-method is-config="true" signature="LaunchApplication()[pri:0, instance:Poornimaacademy.tests.ErrorValidationTest@639c2c1d]" started-at="2026-06-18T21:17:39 IST" name="LaunchApplication" finished-at="2026-06-18T21:17:49 IST" duration-ms="10272" status="PASS">
          <reporter-output>
          </reporter-output>
        </test-method> <!-- LaunchApplication -->
        <test-method signature="productordervalidation()[pri:0, instance:Poornimaacademy.tests.ErrorValidationTest@639c2c1d]" started-at="2026-06-18T21:17:49 IST" name="productordervalidation" finished-at="2026-06-18T21:18:18 IST" duration-ms="28671" status="PASS">
          <reporter-output>
          </reporter-output>
        </test-method> <!-- productordervalidation -->
        <test-method is-config="true" signature="teardown()[pri:0, instance:Poornimaacademy.tests.ErrorValidationTest@639c2c1d]" started-at="2026-06-18T21:18:18 IST" name="teardown" finished-at="2026-06-18T21:18:18 IST" duration-ms="103" status="PASS">
          <reporter-output>
          </reporter-output>
        </test-method> <!-- teardown -->
      </class> <!-- Poornimaacademy.tests.ErrorValidationTest -->
    </test> <!-- errorvalidationtest -->
    <test started-at="2026-06-18T21:17:11 IST" name="ordersubmisstest" finished-at="2026-06-18T21:18:43 IST" duration-ms="91731">
      <class name="Poornimaacademy.tests.OrderSubmissionTest">
        <test-method is-config="true" signature="LaunchApplication()[pri:0, instance:Poornimaacademy.tests.OrderSubmissionTest@a514af7]" started-at="2026-06-18T21:17:11 IST" name="LaunchApplication" finished-at="2026-06-18T21:17:24 IST" duration-ms="13243" status="PASS">
          <reporter-output>
          </reporter-output>
        </test-method> <!-- LaunchApplication -->
        <test-method signature="OrderSubmitTest(java.util.HashMap)[pri:0, instance:Poornimaacademy.tests.OrderSubmissionTest@a514af7]" started-at="2026-06-18T21:17:24 IST" name="OrderSubmitTest" data-provider="getData" finished-at="2026-06-18T21:17:49 IST" duration-ms="24802" status="PASS">
          <params>
            <param index="0">
              <value>
                <![CDATA[{password=Poornima@22, product=ZARA COAT 3, email=poornimacs22@gmail.com}]]>
              </value>
            </param>
          </params>
          <reporter-output>
          </reporter-output>
        </test-method> <!-- OrderSubmitTest -->
        <test-method is-config="true" signature="teardown()[pri:0, instance:Poornimaacademy.tests.OrderSubmissionTest@a514af7]" started-at="2026-06-18T21:17:49 IST" name="teardown" finished-at="2026-06-18T21:17:53 IST" duration-ms="3837" status="PASS">
          <reporter-output>
          </reporter-output>
        </test-method> <!-- teardown -->
        <test-method is-config="true" signature="LaunchApplication()[pri:0, instance:Poornimaacademy.tests.OrderSubmissionTest@a514af7]" started-at="2026-06-18T21:17:53 IST" name="LaunchApplication" finished-at="2026-06-18T21:18:03 IST" duration-ms="9704" status="PASS">
          <reporter-output>
          </reporter-output>
        </test-method> <!-- LaunchApplication -->
        <test-method signature="OrderSubmitTest(java.util.HashMap)[pri:0, instance:Poornimaacademy.tests.OrderSubmissionTest@a514af7]" started-at="2026-06-18T21:18:03 IST" name="OrderSubmitTest" data-provider="getData" finished-at="2026-06-18T21:18:23 IST" duration-ms="20580" status="PASS">
          <params>
            <param index="0">
              <value>
                <![CDATA[{password=Poornima@22, product=ADIDAS ORIGINAL, email=poornimaclk22@gmail.com}]]>
              </value>
            </param>
          </params>
          <reporter-output>
          </reporter-output>
        </test-method> <!-- OrderSubmitTest -->
        <test-method is-config="true" signature="teardown()[pri:0, instance:Poornimaacademy.tests.OrderSubmissionTest@a514af7]" started-at="2026-06-18T21:18:23 IST" name="teardown" finished-at="2026-06-18T21:18:30 IST" duration-ms="7019" status="PASS">
          <reporter-output>
          </reporter-output>
        </test-method> <!-- teardown -->
        <test-method is-config="true" signature="LaunchApplication()[pri:0, instance:Poornimaacademy.tests.OrderSubmissionTest@a514af7]" started-at="2026-06-18T21:18:30 IST" name="LaunchApplication" finished-at="2026-06-18T21:18:38 IST" duration-ms="7634" status="PASS">
          <reporter-output>
          </reporter-output>
        </test-method> <!-- LaunchApplication -->
        <test-method signature="OrderHistoryTest()[pri:0, instance:Poornimaacademy.tests.OrderSubmissionTest@a514af7]" started-at="2026-06-18T21:18:38 IST" name="OrderHistoryTest" finished-at="2026-06-18T21:18:43 IST" depends-on-methods="Poornimaacademy.tests.OrderSubmissionTest.OrderSubmitTest" duration-ms="4543" status="PASS">
          <reporter-output>
          </reporter-output>
        </test-method> <!-- OrderHistoryTest -->
        <test-method is-config="true" signature="teardown()[pri:0, instance:Poornimaacademy.tests.OrderSubmissionTest@a514af7]" started-at="2026-06-18T21:18:43 IST" name="teardown" finished-at="2026-06-18T21:18:43 IST" duration-ms="84" status="PASS">
          <reporter-output>
          </reporter-output>
        </test-method> <!-- teardown -->
      </class> <!-- Poornimaacademy.tests.OrderSubmissionTest -->
    </test> <!-- ordersubmisstest -->
  </suite> <!-- Suite -->
</testng-results>
