<?xml version="1.0" encoding="UTF-8"?>
<!-- Generated by org.testng.reporters.JUnitReportReporter -->
<testsuite hostname="Poornimas-MacBook-Air.local" failures="0" tests="3" name="Poornimaacademy.tests.OrderSubmissionTest" time="91.446" errors="0" timestamp="2026-06-18T21:18:43 IST" skipped="0">
  <testcase classname="Poornimaacademy.tests.OrderSubmissionTest" name="OrderSubmitTest" time="32.051"/>
  <testcase classname="Poornimaacademy.tests.OrderSubmissionTest" name="OrderSubmitTest" time="45.064"/>
  <testcase classname="Poornimaacademy.tests.OrderSubmissionTest" name="OrderHistoryTest" time="14.331"/>
</testsuite> <!-- Poornimaacademy.tests.OrderSubmissionTest -->
